#
# A fatal error has been detected by the Java Runtime Environment:
#
#  EXCEPTION_ACCESS_VIOLATION (0xc0000005) at pc=0x000000005a8c631a, pid=4284, tid=6996
#
# JRE version: Java(TM) SE Runtime Environment (7.0_45-b18) (build 1.7.0_45-b18)
# Java VM: Java HotSpot(TM) 64-Bit Server VM (24.45-b08 mixed mode windows-amd64 compressed oops)
# Problematic frame:
# V  [jvm.dll+0x7631a]
#
# Failed to write core dump. Minidumps are not enabled by default on client versions of Windows
#
# If you would like to submit a bug report, please visit:
#   http://bugreport.sun.com/bugreport/crash.jsp
#

---------------  T H R E A D  ---------------

Current thread (0x0000000008556000):  VMThread [stack: 0x0000000009620000,0x0000000009720000] [id=6996]

siginfo: ExceptionCode=0xc0000005, reading address 0x000000004adb5ff0

Registers:
RAX=0x000000004adb5f78, RBX=0x0000000000537c80, RCX=0x000000000254a290, RDX=0x000000000254a280
RSP=0x000000000971fa90, RBP=0x00000000084557d8, RSI=0x0000000008455400, RDI=0x000000000254a290
R8 =0x0000000000537c80, R9 =0x00000000024e0000, R10=0x000000000971f4b0, R11=0x0000000005e3f570
R12=0x00000000000003d8, R13=0x00000000000003d8, R14=0x0000000008455400, R15=0x00000000084557d8
RIP=0x000000005a8c631a, EFLAGS=0x0000000000010206

Top of Stack: (sp=0x000000000971fa90)
0x000000000971fa90:   0000000000537c80 00000000084553f0
0x000000000971faa0:   0000000000000000 000000005a8cf7bf
0x000000000971fab0:   00000000084553f0 000000005aa4db7e
0x000000000971fac0:   000000000219bf50 000000005aa93d98
0x000000000971fad0:   000000000a115800 000000005aa93d00
0x000000000971fae0:   00000000084557d8 000000005aa4dae7
0x000000000971faf0:   000000000e7fc240 0000000008455400
0x000000000971fb00:   00000000084553f0 000000000219bf50
0x000000000971fb10:   00000000084553f0 0000000000000000
0x000000000971fb20:   000000000219bf50 000000005aa4cd76
0x000000000971fb30:   000000000053bb00 0000000000000000
0x000000000971fb40:   000000000e7fc240 000000000a115800
0x000000000971fb50:   0000000000000000 0000000000000000
0x000000000971fb60:   0000000000000000 000000005aa2ef12
0x000000000971fb70:   0000000000000000 0000000000b404e2
0x000000000971fb80:   0000000000000001 0000000008455c70 

Instructions: (pc=0x000000005a8c631a)
0x000000005a8c62fa:   8b d0 e8 5f be 04 00 48 8b cb 48 8b d0 e8 84 c5
0x000000005a8c630a:   04 00 48 8b f8 48 85 c0 74 4a 48 8b 07 48 8b cf
0x000000005a8c631a:   ff 50 78 84 c0 74 0d 48 8b 07 48 8b cf ff 50 08
0x000000005a8c632a:   84 c0 75 30 48 8b 1d f3 f0 6b 00 48 8b d7 48 8b 


Register to memory mapping:

RAX=0x000000004adb5f78 is an unknown value
RBX=0x0000000000537c80 is an unknown value
RCX=
[error occurred during error reporting (printing register info), id 0xc0000005]

Stack: [0x0000000009620000,0x0000000009720000],  sp=0x000000000971fa90,  free space=1022k
Native frames: (J=compiled Java code, j=interpreted, Vv=VM code, C=native code)
V  [jvm.dll+0x7631a]

VM_Operation (0x000000000e7fc240): Deoptimize, mode: safepoint, requested by thread 0x000000000a445800


---------------  P R O C E S S  ---------------

Java Threads: ( => current thread )
  0x000000000a4c0800 JavaThread "Abandoned connection cleanup thread" daemon [_thread_blocked, id=5192, stack(0x000000000e800000,0x000000000e900000)]
  0x000000000a445800 JavaThread "Thread-2" [_thread_blocked, id=6916, stack(0x000000000e700000,0x000000000e800000)]
  0x000000000a444800 JavaThread "TimerQueue" daemon [_thread_blocked, id=6628, stack(0x000000000e570000,0x000000000e670000)]
  0x000000000a3e1800 JavaThread "D3D Screen Updater" daemon [_thread_blocked, id=5096, stack(0x000000000de10000,0x000000000df10000)]
  0x000000000053d800 JavaThread "DestroyJavaVM" [_thread_blocked, id=6744, stack(0x00000000023e0000,0x00000000024e0000)]
  0x000000000a2bc000 JavaThread "AWT-EventQueue-0" [_thread_blocked, id=6904, stack(0x000000000af20000,0x000000000b020000)]
  0x000000000a115800 JavaThread "AWT-Windows" daemon [_thread_in_native, id=6320, stack(0x000000000a970000,0x000000000aa70000)]
  0x000000000a115000 JavaThread "AWT-Shutdown" [_thread_blocked, id=4476, stack(0x000000000a680000,0x000000000a780000)]
  0x000000000a114000 JavaThread "Java2D Disposer" daemon [_thread_blocked, id=3084, stack(0x000000000a520000,0x000000000a620000)]
  0x00000000085d0000 JavaThread "Service Thread" daemon [_thread_blocked, id=6184, stack(0x000000000a010000,0x000000000a110000)]
  0x00000000085c6000 JavaThread "C2 CompilerThread1" daemon [_thread_blocked, id=6436, stack(0x0000000009e20000,0x0000000009f20000)]
  0x00000000085c1000 JavaThread "C2 CompilerThread0" daemon [_thread_blocked, id=6420, stack(0x0000000009bb0000,0x0000000009cb0000)]
  0x00000000085c0000 JavaThread "Attach Listener" daemon [_thread_blocked, id=6220, stack(0x00000000094f0000,0x00000000095f0000)]
  0x00000000085b9000 JavaThread "Signal Dispatcher" daemon [_thread_blocked, id=4672, stack(0x00000000099c0000,0x0000000009ac0000)]
  0x0000000008569000 JavaThread "Finalizer" daemon [_thread_blocked, id=6440, stack(0x0000000009810000,0x0000000009910000)]
  0x0000000008560000 JavaThread "Reference Handler" daemon [_thread_blocked, id=6080, stack(0x0000000005d40000,0x0000000005e40000)]

Other Threads:
=>0x0000000008556000 VMThread [stack: 0x0000000009620000,0x0000000009720000] [id=6996]
  0x00000000085d9000 WatcherThread [stack: 0x0000000009d20000,0x0000000009e20000] [id=3756]

VM state:at safepoint (normal execution)

VM Mutex/Monitor currently owned by a thread:  ([mutex/lock_event])
[0x000000000053bb00] Threads_lock - owner thread: 0x0000000008556000
[0x000000000053c500] Compile_lock - owner thread: 0x000000000a445800

Heap
 PSYoungGen      total 19456K, used 8640K [0x00000000eac00000, 0x00000000ec180000, 0x0000000100000000)
  eden space 16896K, 51% used [0x00000000eac00000,0x00000000eb470270,0x00000000ebc80000)
  from space 2560K, 0% used [0x00000000ebf00000,0x00000000ebf00000,0x00000000ec180000)
  to   space 2560K, 0% used [0x00000000ebc80000,0x00000000ebc80000,0x00000000ebf00000)
 ParOldGen       total 43520K, used 0K [0x00000000c0400000, 0x00000000c2e80000, 0x00000000eac00000)
  object space 43520K, 0% used [0x00000000c0400000,0x00000000c0400000,0x00000000c2e80000)
 PSPermGen       total 21504K, used 13845K [0x00000000bb200000, 0x00000000bc700000, 0x00000000c0400000)
  object space 21504K, 64% used [0x00000000bb200000,0x00000000bbf854f8,0x00000000bc700000)

Card table byte_map: [0x00000000054e0000,0x0000000005710000] byte_map_base: 0x0000000004f07000

Polling page: 0x00000000001c0000

Code Cache  [0x00000000024e0000, 0x0000000002750000, 0x00000000054e0000)
 total_blobs=526 nmethods=39 adapters=437 free_code_cache=48533Kb largest_free_block=49674240

Compilation events (10 events):
Event: 4.115 Thread 0x00000000085c1000   36             java.lang.CharacterData::of (120 bytes)
Event: 4.115 Thread 0x00000000085c1000 nmethod 36 0x0000000002578750 code [0x00000000025788a0, 0x0000000002578958]
Event: 4.115 Thread 0x00000000085c1000   37             java.lang.CharacterDataLatin1::getProperties (11 bytes)
Event: 4.115 Thread 0x00000000085c1000 nmethod 37 0x0000000002574450 code [0x0000000002574580, 0x00000000025745f8]
Event: 4.137 Thread 0x00000000085c1000   38             java.lang.String::compareTo (78 bytes)
Event: 4.138 Thread 0x00000000085c1000 nmethod 38 0x0000000002577510 code [0x0000000002577660, 0x0000000002577758]
Event: 4.158 Thread 0x00000000085c6000   39             java.util.Properties::load0 (250 bytes)
Event: 4.158 Thread 0x00000000085c1000   40 %           java.util.Properties$LineReader::readLine @ 21 (452 bytes)
Event: 4.167 Thread 0x00000000085c1000 nmethod 40% 0x000000000257cfd0 code [0x000000000257d180, 0x000000000257daa8]
Event: 4.169 Thread 0x00000000085c1000   41             java.util.Properties$LineReader::readLine (452 bytes)

GC Heap History (0 events):
No events

Deoptimization events (4 events):
Event: 4.158 Thread 0x000000000a445800 Uncommon trap: reason=class_check action=maybe_recompile pc=0x0000000002571740 method=java.util.Properties$LineReader.readLine()I @ 62
Event: 4.158 Thread 0x000000000a445800 Uncommon trap: reason=class_check action=maybe_recompile pc=0x0000000002571740 method=java.util.Properties$LineReader.readLine()I @ 62
Event: 4.159 Thread 0x000000000a445800 Uncommon trap: reason=class_check action=maybe_recompile pc=0x0000000002571740 method=java.util.Properties$LineReader.readLine()I @ 62
Event: 4.159 Thread 0x000000000a445800 Uncommon trap: reason=class_check action=maybe_recompile pc=0x0000000002571740 method=java.util.Properties$LineReader.readLine()I @ 62

Internal exceptions (10 events):
Event: 4.149 Thread 0x000000000a445800 Threw 0x00000000eb3d8fc0 at C:\re\jdk7u45\229\hotspot\src\share\vm\prims\jvm.cpp:1244
Event: 4.151 Thread 0x000000000a445800 Threw 0x00000000eb3fae00 at C:\re\jdk7u45\229\hotspot\src\share\vm\prims\jvm.cpp:1244
Event: 4.151 Thread 0x000000000a445800 Threw 0x00000000eb3fd740 at C:\re\jdk7u45\229\hotspot\src\share\vm\prims\jvm.cpp:1244
Event: 4.151 Thread 0x000000000a445800 Threw 0x00000000eb3ffe28 at C:\re\jdk7u45\229\hotspot\src\share\vm\prims\jvm.cpp:1244
Event: 4.152 Thread 0x000000000a445800 Threw 0x00000000eb402590 at C:\re\jdk7u45\229\hotspot\src\share\vm\prims\jvm.cpp:1244
Event: 4.153 Thread 0x000000000a445800 Threw 0x00000000eb405298 at C:\re\jdk7u45\229\hotspot\src\share\vm\prims\jvm.cpp:1244
Event: 4.172 Thread 0x000000000a445800 Threw 0x00000000eb43de18 at C:\re\jdk7u45\229\hotspot\src\share\vm\prims\jvm.cpp:1244
Event: 4.173 Thread 0x000000000a445800 Threw 0x00000000eb441668 at C:\re\jdk7u45\229\hotspot\src\share\vm\prims\jvm.cpp:1244
Event: 4.173 Thread 0x000000000a445800 Threw 0x00000000eb4451c0 at C:\re\jdk7u45\229\hotspot\src\share\vm\prims\jvm.cpp:1244
Event: 4.174 Thread 0x000000000a445800 Threw 0x00000000eb448a48 at C:\re\jdk7u45\229\hotspot\src\share\vm\prims\jvm.cpp:1244

Events (10 events):
Event: 4.175 loading class 0x000000000a40de40 done
Event: 4.175 loading class 0x000000000a410a30
Event: 4.175 loading class 0x000000000a410a30 done
Event: 4.175 loading class 0x000000000a40de10
Event: 4.175 loading class 0x000000000a40de10 done
Event: 4.175 loading class 0x000000000a410f70
Event: 4.175 loading class 0x000000000a410f70 done
Event: 4.175 loading class 0x000000000a40d9d0
Event: 4.175 loading class 0x000000000a40d9d0 done
Event: 4.175 Executing VM operation: Deoptimize


Dynamic libraries:
0x000000013fab0000 - 0x000000013fae3000 	C:\Program Files\Java\jdk1.7.0_45\bin\java.exe
0x0000000077ad0000 - 0x0000000077c79000 	C:\Windows\SYSTEM32\ntdll.dll
0x00000000779b0000 - 0x0000000077acf000 	C:\Windows\system32\kernel32.dll
0x000007fefdb00000 - 0x000007fefdb6c000 	C:\Windows\system32\KERNELBASE.dll
0x000007fefdce0000 - 0x000007fefddbb000 	C:\Windows\system32\ADVAPI32.dll
0x000007feff9b0000 - 0x000007feffa4f000 	C:\Windows\system32\msvcrt.dll
0x000007feff420000 - 0x000007feff43f000 	C:\Windows\SYSTEM32\sechost.dll
0x000007fefe1c0000 - 0x000007fefe2ed000 	C:\Windows\system32\RPCRT4.dll
0x00000000778b0000 - 0x00000000779aa000 	C:\Windows\system32\USER32.dll
0x000007feff3b0000 - 0x000007feff417000 	C:\Windows\system32\GDI32.dll
0x000007fefe450000 - 0x000007fefe45e000 	C:\Windows\system32\LPK.dll
0x000007feff240000 - 0x000007feff309000 	C:\Windows\system32\USP10.dll
0x000007fefbf20000 - 0x000007fefc114000 	C:\Windows\WinSxS\amd64_microsoft.windows.common-controls_6595b64144ccf1df_6.0.7601.17514_none_fa396087175ac9ac\COMCTL32.dll
0x000007feff310000 - 0x000007feff381000 	C:\Windows\system32\SHLWAPI.dll
0x000007fefddc0000 - 0x000007fefddee000 	C:\Windows\system32\IMM32.DLL
0x000007feffaf0000 - 0x000007feffbf9000 	C:\Windows\system32\MSCTF.dll
0x000000005cb80000 - 0x000000005cc52000 	C:\Program Files\Java\jdk1.7.0_45\jre\bin\msvcr100.dll
0x000000005a850000 - 0x000000005b019000 	C:\Program Files\Java\jdk1.7.0_45\jre\bin\server\jvm.dll
0x000007fef23c0000 - 0x000007fef23c9000 	C:\Windows\system32\WSOCK32.dll
0x000007feff1f0000 - 0x000007feff23d000 	C:\Windows\system32\WS2_32.dll
0x000007feff440000 - 0x000007feff448000 	C:\Windows\system32\NSI.dll
0x000007fefa8e0000 - 0x000007fefa91b000 	C:\Windows\system32\WINMM.dll
0x0000000077ca0000 - 0x0000000077ca7000 	C:\Windows\system32\PSAPI.DLL
0x0000000074930000 - 0x000000007493f000 	C:\Program Files\Java\jdk1.7.0_45\jre\bin\verify.dll
0x0000000073fc0000 - 0x0000000073fe8000 	C:\Program Files\Java\jdk1.7.0_45\jre\bin\java.dll
0x000000005e410000 - 0x000000005e425000 	C:\Program Files\Java\jdk1.7.0_45\jre\bin\zip.dll
0x000000005c3d0000 - 0x000000005c565000 	C:\Program Files\Java\jdk1.7.0_45\jre\bin\awt.dll
0x000007fefe2f0000 - 0x000007fefe3c7000 	C:\Windows\system32\OLEAUT32.dll
0x000007fefde50000 - 0x000007fefe053000 	C:\Windows\system32\ole32.dll
0x000007fefbde0000 - 0x000007fefbe36000 	C:\Windows\system32\uxtheme.dll
0x000007fefb600000 - 0x000007fefb618000 	C:\Windows\system32\dwmapi.dll
0x000007fefd7c0000 - 0x000007fefd7cf000 	C:\Windows\system32\CRYPTBASE.dll
0x000007fefe460000 - 0x000007feff1e8000 	C:\Windows\system32\SHELL32.dll
0x000000005cc70000 - 0x000000005ccb6000 	C:\Program Files\Java\jdk1.7.0_45\jre\bin\fontmanager.dll
0x000007fef6b50000 - 0x000007fef6d4f000 	C:\Windows\system32\d3d9.dll
0x000007fefc9f0000 - 0x000007fefc9fc000 	C:\Windows\system32\VERSION.dll
0x000007fef6b40000 - 0x000007fef6b47000 	C:\Windows\system32\d3d8thk.dll
0x000007feebba0000 - 0x000007feeccf4000 	C:\Windows\system32\nvd3dumx.dll
0x000007fefc450000 - 0x000007fefc47c000 	C:\Windows\system32\powrprof.dll
0x000007feffc00000 - 0x000007feffdd7000 	C:\Windows\system32\SETUPAPI.dll
0x000007fefdb70000 - 0x000007fefdba6000 	C:\Windows\system32\CFGMGR32.dll
0x000007fefdbf0000 - 0x000007fefdc0a000 	C:\Windows\system32\DEVOBJ.dll
0x000007feee300000 - 0x000007feee462000 	C:\Program Files (x86)\NVIDIA Corporation\3D Vision\nvSCPAPI64.dll
0x0000000180000000 - 0x000000018010e000 	C:\Windows\system32\nvspcap64.dll
0x000007fefa570000 - 0x000007fefa884000 	C:\Windows\system32\nvapi64.dll
0x000007feffa50000 - 0x000007feffae9000 	C:\Windows\system32\CLBCatQ.DLL
0x000007fefb370000 - 0x000007fefb4d1000 	C:\Windows\system32\WindowsCodecs.dll
0x000007fefd760000 - 0x000007fefd7b7000 	C:\Windows\system32\apphelp.dll
0x000007fef9c20000 - 0x000007fef9e5b000 	C:\PROGRA~1\MICROS~3\Office15\GROOVEEX.DLL
0x00000000732b0000 - 0x0000000073348000 	C:\Windows\system32\MSVCP100.dll
0x0000000073280000 - 0x00000000732ab000 	C:\Windows\system32\ATL100.DLL
0x000007fef9900000 - 0x000007fef9c16000 	C:\Windows\system32\msi.dll
0x000007fef8df0000 - 0x000007fef9429000 	C:\PROGRA~1\MICROS~3\Office15\1033\GrooveIntlResource.dll
0x00000000731e0000 - 0x0000000073280000 	C:\Program Files\AVAST Software\Avast\ashShA64.dll
0x000007fef8db0000 - 0x000007fef8de5000 	C:\Windows\system32\EhStorShell.dll
0x000007fefc250000 - 0x000007fefc37c000 	C:\Windows\system32\PROPSYS.dll
0x000007fefaeb0000 - 0x000007fefaeb9000 	C:\Program Files (x86)\Internet Download Manager\IDMShellExt64.dll
0x000007fef7990000 - 0x000007fef7a0e000 	C:\Windows\System32\cscui.dll
0x000007fefaea0000 - 0x000007fefaeac000 	C:\Windows\System32\CSCDLL.dll
0x000007fefae90000 - 0x000007fefae9f000 	C:\Windows\system32\CSCAPI.dll
0x000007fef7910000 - 0x000007fef7990000 	C:\Windows\system32\ntshrui.dll
0x000007fefd620000 - 0x000007fefd643000 	C:\Windows\system32\srvcli.dll
0x000007fefb620000 - 0x000007fefb62b000 	C:\Windows\system32\slc.dll
0x000000005e450000 - 0x000000005e469000 	C:\Program Files\Java\jdk1.7.0_45\jre\bin\net.dll
0x000007fefd0c0000 - 0x000007fefd115000 	C:\Windows\system32\mswsock.dll
0x000007fefd0b0000 - 0x000007fefd0b7000 	C:\Windows\System32\wship6.dll
0x000000005e3f0000 - 0x000000005e401000 	C:\Program Files\Java\jdk1.7.0_45\jre\bin\nio.dll
0x000000005cb30000 - 0x000000005cb71000 	C:\Program Files\Java\jdk1.7.0_45\jre\bin\t2k.dll
0x000000005cd10000 - 0x000000005cd3a000 	C:\Program Files\Java\jdk1.7.0_45\jre\bin\dcpr.dll
0x000007fefcac0000 - 0x000007fefcac7000 	C:\Windows\System32\wshtcpip.dll
0x000007fefcf40000 - 0x000007fefcf9b000 	C:\Windows\system32\DNSAPI.dll
0x000007fefa8a0000 - 0x000007fefa8c7000 	C:\Windows\system32\IPHLPAPI.DLL
0x000007fefa890000 - 0x000007fefa89b000 	C:\Windows\system32\WINNSI.DLL
0x000007fef5f60000 - 0x000007fef5f68000 	C:\Windows\system32\rasadhlp.dll
0x000007fefb120000 - 0x000007fefb173000 	C:\Windows\System32\fwpuclnt.dll
0x000007fef6ed0000 - 0x000007fef6ff5000 	C:\Windows\system32\dbghelp.dll

VM Arguments:
jvm_args: -Dfile.encoding=UTF-8 
java_command: myPackage.MainScreen
Launcher Type: SUN_STANDARD

Environment Variables:
PATH=C:\Program Files (x86)\NVIDIA Corporation\PhysX\Common;C:\Windows\system32;C:\Windows;C:\Windows\System32\Wbem;C:\Windows\System32\WindowsPowerShell\v1.0\;C:\Program Files\Intel\DMIX
USERNAME=XN
OS=Windows_NT
PROCESSOR_IDENTIFIER=Intel64 Family 6 Model 42 Stepping 7, GenuineIntel



---------------  S Y S T E M  ---------------

OS: Windows 7 , 64 bit Build 7601 Service Pack 1

CPU:total 4 (4 cores per cpu, 1 threads per core) family 6 model 42 stepping 7, cmov, cx8, fxsr, mmx, sse, sse2, sse3, ssse3, sse4.1, sse4.2, popcnt, avx, aes, tsc, tscinvbit

Memory: 4k page, physical 4171184k(754804k free), swap 8340516k(3283056k free)

vm_info: Java HotSpot(TM) 64-Bit Server VM (24.45-b08) for windows-amd64 JRE (1.7.0_45-b18), built on Oct  8 2013 05:47:22 by "java_re" with unknown MS VC++:1600

time: Sun Sep 07 17:23:19 2014
elapsed time: 4 seconds

